Arguments: 
  /opt/homebrew/Cellar/node/16.12.0/bin/node /opt/homebrew/Cellar/yarn/1.22.17_2/libexec/bin/yarn.js add @taildwindcss/typography

PATH: 
  /Users/masskoder/flutter/bin:/Users/masskoder/Library/Android/ndk-build:/Users/masskoder/Library/Android/Sdk/tools:/Users/masskoder/Library/Android/Sdk/platform-tools:/opt/homebrew/bin:/opt/homebrew/sbin:/usr/local/bin:/usr/bin:/bin:/usr/sbin:/sbin:/Applications/VMware Fusion Tech Preview.app/Contents/Public:/usr/local/go/bin:/usr/local/MacGPG2/bin:/Library/Apple/usr/bin

Yarn version: 
  1.22.17

Node version: 
  16.12.0

Platform: 
  darwin arm64

Trace: 
  Error: https://registry.yarnpkg.com/@taildwindcss%2ftypography: Not found
      at Request.params.callback [as _callback] (/opt/homebrew/Cellar/yarn/1.22.17_2/libexec/lib/cli.js:67029:18)
      at Request.self.callback (/opt/homebrew/Cellar/yarn/1.22.17_2/libexec/lib/cli.js:140883:22)
      at Request.emit (node:events:390:28)
      at Request.<anonymous> (/opt/homebrew/Cellar/yarn/1.22.17_2/libexec/lib/cli.js:141855:10)
      at Request.emit (node:events:390:28)
      at IncomingMessage.<anonymous> (/opt/homebrew/Cellar/yarn/1.22.17_2/libexec/lib/cli.js:141777:12)
      at Object.onceWrapper (node:events:509:28)
      at IncomingMessage.emit (node:events:402:35)
      at endReadableNT (node:internal/streams/readable:1343:12)
      at processTicksAndRejections (node:internal/process/task_queues:83:21)

npm manifest: 
  {
    "scripts": {
      "dev:css": "npx tailwindcss -i input.css -o static/output.css -w",
      "dev:hugo": "hugo server",
      "dev": "run-p dev:*",
      "build:css": "NODE_ENV=production npx tailwindcss -i public/css/input.css -o static/output.css -m",
      "build:hugo": "hugo",
      "build": "run-s build:*"
    },
    "devDependencies": {
      "npm-run-all": "^4.1.5",
      "prettier": "^2.7.1",
      "prettier-plugin-tailwindcss": "^0.1.13",
      "tailwindcss": "^3.1.8"
    }
  }

yarn manifest: 
  No manifest

Lockfile: 
  No lockfile
